#
# There is insufficient memory for the Java Runtime Environment to continue.
# Native memory allocation (mmap) failed to map 87031808 bytes for committing reserved memory.
# Possible reasons:
#   The system is out of physical RAM or swap space
#   In 32 bit mode, the process size limit was hit
# Possible solutions:
#   Reduce memory load on the system
#   Increase physical memory or swap space
#   Check if swap backing store is full
#   Use 64 bit Java on a 64 bit OS
#   Decrease Java heap size (-Xmx/-Xms)
#   Decrease number of Java threads
#   Decrease Java thread stack sizes (-Xss)
#   Set larger code cache with -XX:ReservedCodeCacheSize=
# This output file may be truncated or incomplete.
#
#  Out of Memory Error (os_linux.cpp:2627), pid=24931, tid=0x00007f0c96062700
#
# JRE version:  (8.0_112-b06) (build )
# Java VM: OpenJDK 64-Bit Server VM (25.112-b06 mixed mode linux-amd64 compressed oops)
# Failed to write core dump. Core dumps have been disabled. To enable core dumping, try "ulimit -c unlimited" before starting Java again
#

---------------  T H R E A D  ---------------

Current thread (0x00007f0c9000a000):  JavaThread "Unknown thread" [_thread_in_vm, id=24936, stack(0x00007f0c95f62000,0x00007f0c96063000)]

Stack: [0x00007f0c95f62000,0x00007f0c96063000],  sp=0x00007f0c96061630,  free space=1021k
Native frames: (J=compiled Java code, j=interpreted, Vv=VM code, C=native code)
V  [libjvm.so+0x9e465d]  VMError::report_and_die()+0x15d
V  [libjvm.so+0x4b6ada]  report_vm_out_of_memory(char const*, int, unsigned long, VMErrorType, char const*)+0x8a
V  [libjvm.so+0x84c860]  os::pd_commit_memory(char*, unsigned long, unsigned long, bool)+0xf0
V  [libjvm.so+0x84737f]  os::commit_memory(char*, unsigned long, unsigned long, bool)+0x1f
V  [libjvm.so+0x8bd3db]  PSVirtualSpace::expand_by(unsigned long)+0x5b
V  [libjvm.so+0x8af358]  PSOldGen::initialize(ReservedSpace, unsigned long, char const*, int)+0xa8
V  [libjvm.so+0x2c3c33]  AdjoiningGenerations::AdjoiningGenerations(ReservedSpace, GenerationSizer*, unsigned long)+0x353
V  [libjvm.so+0x870421]  ParallelScavengeHeap::initialize()+0x211
V  [libjvm.so+0x9b04c9]  Universe::initialize_heap()+0x189
V  [libjvm.so+0x9b06c3]  universe_init()+0x33
V  [libjvm.so+0x5ddf25]  init_globals()+0x55
V  [libjvm.so+0x993bd3]  Threads::create_vm(JavaVMInitArgs*, bool*)+0x2b3
V  [libjvm.so+0x64b5e2]  JNI_CreateJavaVM+0x52
C  [libjli.so+0x77c8]  JavaMain+0x88
C  [libpthread.so.0+0x76ba]  start_thread+0xca


---------------  P R O C E S S  ---------------

Java Threads: ( => current thread )

Other Threads:

=>0x00007f0c9000a000 (exited) JavaThread "Unknown thread" [_thread_in_vm, id=24936, stack(0x00007f0c95f62000,0x00007f0c96063000)]

VM state:not at safepoint (not fully initialized)

VM Mutex/Monitor currently owned by a thread: None

GC Heap History (0 events):
No events

Deoptimization events (0 events):
No events

Internal exceptions (0 events):
No events

Events (0 events):
No events


Dynamic libraries:
00400000-00401000 r-xp 00000000 08:05 1840702                            /SW/android_studio-test/jre/bin/java
00600000-00601000 r--p 00000000 08:05 1840702                            /SW/android_studio-test/jre/bin/java
00601000-00602000 rw-p 00001000 08:05 1840702                            /SW/android_studio-test/jre/bin/java
01caa000-01ccb000 rw-p 00000000 00:00 0                                  [heap]
c5300000-eab00000 ---p 00000000 00:00 0 
eab00000-ed400000 rw-p 00000000 00:00 0 
ed400000-100000000 ---p 00000000 00:00 0 
7f0c7f92c000-7f0c7fba2000 rw-p 00000000 00:00 0 
7f0c7fba2000-7f0c7fcf7000 ---p 00000000 00:00 0 
7f0c7fcf7000-7f0c7fd0c000 rw-p 00000000 00:00 0 
7f0c7fd0c000-7f0c7fda2000 ---p 00000000 00:00 0 
7f0c7fda2000-7f0c7fdad000 rw-p 00000000 00:00 0 
7f0c7fdad000-7f0c80163000 ---p 00000000 00:00 0 
7f0c80163000-7f0c803d3000 rwxp 00000000 00:00 0 
7f0c803d3000-7f0c8f163000 ---p 00000000 00:00 0 
7f0c8f163000-7f0c8f17d000 r-xp 00000000 08:05 1840786                    /SW/android_studio-test/jre/jre/lib/amd64/libzip.so
7f0c8f17d000-7f0c8f37d000 ---p 0001a000 08:05 1840786                    /SW/android_studio-test/jre/jre/lib/amd64/libzip.so
7f0c8f37d000-7f0c8f37e000 r--p 0001a000 08:05 1840786                    /SW/android_studio-test/jre/jre/lib/amd64/libzip.so
7f0c8f37e000-7f0c8f37f000 rw-p 0001b000 08:05 1840786                    /SW/android_studio-test/jre/jre/lib/amd64/libzip.so
7f0c8f37f000-7f0c8f38a000 r-xp 00000000 08:05 661942                     /lib/x86_64-linux-gnu/libnss_files-2.23.so
7f0c8f38a000-7f0c8f589000 ---p 0000b000 08:05 661942                     /lib/x86_64-linux-gnu/libnss_files-2.23.so
7f0c8f589000-7f0c8f58a000 r--p 0000a000 08:05 661942                     /lib/x86_64-linux-gnu/libnss_files-2.23.so
7f0c8f58a000-7f0c8f58b000 rw-p 0000b000 08:05 661942                     /lib/x86_64-linux-gnu/libnss_files-2.23.so
7f0c8f58b000-7f0c8f591000 rw-p 00000000 00:00 0 
7f0c8f591000-7f0c8f59c000 r-xp 00000000 08:05 661952                     /lib/x86_64-linux-gnu/libnss_nis-2.23.so
7f0c8f59c000-7f0c8f79b000 ---p 0000b000 08:05 661952                     /lib/x86_64-linux-gnu/libnss_nis-2.23.so
7f0c8f79b000-7f0c8f79c000 r--p 0000a000 08:05 661952                     /lib/x86_64-linux-gnu/libnss_nis-2.23.so
7f0c8f79c000-7f0c8f79d000 rw-p 0000b000 08:05 661952                     /lib/x86_64-linux-gnu/libnss_nis-2.23.so
7f0c8f79d000-7f0c8f7b3000 r-xp 00000000 08:05 661936                     /lib/x86_64-linux-gnu/libnsl-2.23.so
7f0c8f7b3000-7f0c8f9b2000 ---p 00016000 08:05 661936                     /lib/x86_64-linux-gnu/libnsl-2.23.so
7f0c8f9b2000-7f0c8f9b3000 r--p 00015000 08:05 661936                     /lib/x86_64-linux-gnu/libnsl-2.23.so
7f0c8f9b3000-7f0c8f9b4000 rw-p 00016000 08:05 661936                     /lib/x86_64-linux-gnu/libnsl-2.23.so
7f0c8f9b4000-7f0c8f9b6000 rw-p 00000000 00:00 0 
7f0c8f9b6000-7f0c8f9be000 r-xp 00000000 08:05 661938                     /lib/x86_64-linux-gnu/libnss_compat-2.23.so
7f0c8f9be000-7f0c8fbbd000 ---p 00008000 08:05 661938                     /lib/x86_64-linux-gnu/libnss_compat-2.23.so
7f0c8fbbd000-7f0c8fbbe000 r--p 00007000 08:05 661938                     /lib/x86_64-linux-gnu/libnss_compat-2.23.so
7f0c8fbbe000-7f0c8fbbf000 rw-p 00008000 08:05 661938                     /lib/x86_64-linux-gnu/libnss_compat-2.23.so
7f0c8fbbf000-7f0c8fbec000 r-xp 00000000 08:05 1840796                    /SW/android_studio-test/jre/jre/lib/amd64/libjava.so
7f0c8fbec000-7f0c8fdeb000 ---p 0002d000 08:05 1840796                    /SW/android_studio-test/jre/jre/lib/amd64/libjava.so
7f0c8fdeb000-7f0c8fdec000 r--p 0002c000 08:05 1840796                    /SW/android_studio-test/jre/jre/lib/amd64/libjava.so
7f0c8fdec000-7f0c8fdee000 rw-p 0002d000 08:05 1840796                    /SW/android_studio-test/jre/jre/lib/amd64/libjava.so
7f0c8fdee000-7f0c8fdfe000 r-xp 00000000 08:05 1840812                    /SW/android_studio-test/jre/jre/lib/amd64/libverify.so
7f0c8fdfe000-7f0c8fffd000 ---p 00010000 08:05 1840812                    /SW/android_studio-test/jre/jre/lib/amd64/libverify.so
7f0c8fffd000-7f0c8ffff000 r--p 0000f000 08:05 1840812                    /SW/android_studio-test/jre/jre/lib/amd64/libverify.so
7f0c8ffff000-7f0c90000000 rw-p 00011000 08:05 1840812                    /SW/android_studio-test/jre/jre/lib/amd64/libverify.so
7f0c90000000-7f0c90035000 rw-p 00000000 00:00 0 
7f0c90035000-7f0c94000000 ---p 00000000 00:00 0 
7f0c94052000-7f0c94059000 r-xp 00000000 08:05 661997                     /lib/x86_64-linux-gnu/librt-2.23.so
7f0c94059000-7f0c94258000 ---p 00007000 08:05 661997                     /lib/x86_64-linux-gnu/librt-2.23.so
7f0c94258000-7f0c94259000 r--p 00006000 08:05 661997                     /lib/x86_64-linux-gnu/librt-2.23.so
7f0c94259000-7f0c9425a000 rw-p 00007000 08:05 661997                     /lib/x86_64-linux-gnu/librt-2.23.so
7f0c9425a000-7f0c94362000 r-xp 00000000 08:05 661913                     /lib/x86_64-linux-gnu/libm-2.23.so
7f0c94362000-7f0c94561000 ---p 00108000 08:05 661913                     /lib/x86_64-linux-gnu/libm-2.23.so
7f0c94561000-7f0c94562000 r--p 00107000 08:05 661913                     /lib/x86_64-linux-gnu/libm-2.23.so
7f0c94562000-7f0c94563000 rw-p 00108000 08:05 661913                     /lib/x86_64-linux-gnu/libm-2.23.so
7f0c94563000-7f0c95154000 r-xp 00000000 08:05 1840816                    /SW/android_studio-test/jre/jre/lib/amd64/server/libjvm.so
7f0c95154000-7f0c95354000 ---p 00bf1000 08:05 1840816                    /SW/android_studio-test/jre/jre/lib/amd64/server/libjvm.so
7f0c95354000-7f0c953f3000 r--p 00bf1000 08:05 1840816                    /SW/android_studio-test/jre/jre/lib/amd64/server/libjvm.so
7f0c953f3000-7f0c9541c000 rw-p 00c90000 08:05 1840816                    /SW/android_studio-test/jre/jre/lib/amd64/server/libjvm.so
7f0c9541c000-7f0c95460000 rw-p 00000000 00:00 0 
7f0c95460000-7f0c95478000 r-xp 00000000 08:05 661989                     /lib/x86_64-linux-gnu/libpthread-2.23.so
7f0c95478000-7f0c95677000 ---p 00018000 08:05 661989                     /lib/x86_64-linux-gnu/libpthread-2.23.so
7f0c95677000-7f0c95678000 r--p 00017000 08:05 661989                     /lib/x86_64-linux-gnu/libpthread-2.23.so
7f0c95678000-7f0c95679000 rw-p 00018000 08:05 661989                     /lib/x86_64-linux-gnu/libpthread-2.23.so
7f0c95679000-7f0c9567d000 rw-p 00000000 00:00 0 
7f0c9567d000-7f0c95680000 r-xp 00000000 08:05 661867                     /lib/x86_64-linux-gnu/libdl-2.23.so
7f0c95680000-7f0c9587f000 ---p 00003000 08:05 661867                     /lib/x86_64-linux-gnu/libdl-2.23.so
7f0c9587f000-7f0c95880000 r--p 00002000 08:05 661867                     /lib/x86_64-linux-gnu/libdl-2.23.so
7f0c95880000-7f0c95881000 rw-p 00003000 08:05 661867                     /lib/x86_64-linux-gnu/libdl-2.23.so
7f0c95881000-7f0c95a41000 r-xp 00000000 08:05 661843                     /lib/x86_64-linux-gnu/libc-2.23.so
7f0c95a41000-7f0c95c41000 ---p 001c0000 08:05 661843                     /lib/x86_64-linux-gnu/libc-2.23.so
7f0c95c41000-7f0c95c45000 r--p 001c0000 08:05 661843                     /lib/x86_64-linux-gnu/libc-2.23.so
7f0c95c45000-7f0c95c47000 rw-p 001c4000 08:05 661843                     /lib/x86_64-linux-gnu/libc-2.23.so
7f0c95c47000-7f0c95c4b000 rw-p 00000000 00:00 0 
7f0c95c4b000-7f0c95c61000 r-xp 00000000 08:05 1840676                    /SW/android_studio-test/jre/lib/amd64/jli/libjli.so
7f0c95c61000-7f0c95e60000 ---p 00016000 08:05 1840676                    /SW/android_studio-test/jre/lib/amd64/jli/libjli.so
7f0c95e60000-7f0c95e61000 r--p 00015000 08:05 1840676                    /SW/android_studio-test/jre/lib/amd64/jli/libjli.so
7f0c95e61000-7f0c95e62000 rw-p 00016000 08:05 1840676                    /SW/android_studio-test/jre/lib/amd64/jli/libjli.so
7f0c95e62000-7f0c95e88000 r-xp 00000000 08:05 661815                     /lib/x86_64-linux-gnu/ld-2.23.so
7f0c95f62000-7f0c95f65000 ---p 00000000 00:00 0 
7f0c95f65000-7f0c96067000 rw-p 00000000 00:00 0 
7f0c9607b000-7f0c96083000 rw-s 00000000 08:05 1189537                    /tmp/hsperfdata_orange/24931
7f0c96083000-7f0c96084000 rw-p 00000000 00:00 0 
7f0c96084000-7f0c96085000 r--p 00000000 00:00 0 
7f0c96085000-7f0c96087000 rw-p 00000000 00:00 0 
7f0c96087000-7f0c96088000 r--p 00025000 08:05 661815                     /lib/x86_64-linux-gnu/ld-2.23.so
7f0c96088000-7f0c96089000 rw-p 00026000 08:05 661815                     /lib/x86_64-linux-gnu/ld-2.23.so
7f0c96089000-7f0c9608a000 rw-p 00000000 00:00 0 
7ffd6fcb9000-7ffd6fcda000 rw-p 00000000 00:00 0                          [stack]
7ffd6fdf3000-7ffd6fdf5000 r--p 00000000 00:00 0                          [vvar]
7ffd6fdf5000-7ffd6fdf7000 r-xp 00000000 00:00 0                          [vdso]
ffffffffff600000-ffffffffff601000 r-xp 00000000 00:00 0                  [vsyscall]

VM Arguments:
jvm_args: -Djava.awt.headless=true -Xmx1024M -Dfile.encoding=UTF-8 -Duser.country=US -Duser.language=en -Duser.variant 
java_command: com.android.dx.command.Main --dex --force-jumbo --num-threads=4 --multi-dex --output /home/orange/StudioProjects/Anniversary/app/build/intermediates/transforms/dex/debug/folders/1000/5/slice_1 /home/orange/StudioProjects/Anniversary/app/build/intermediates/transforms/instantRunSlicer/debug/folders/1/5/slice_1
java_class_path (initial): /home/orange/Android/Sdk/build-tools/26.0.2/lib/dx.jar
Launcher Type: SUN_STANDARD

Environment Variables:
JAVA_HOME=/SW/jdk
JRE_HOME=/SW/jdk/jre
CLASSPATH=/SW/android_studio-test/bin/../lib/bootstrap.jar:/SW/android_studio-test/bin/../lib/extensions.jar:/SW/android_studio-test/bin/../lib/util.jar:/SW/android_studio-test/bin/../lib/jdom.jar:/SW/android_studio-test/bin/../lib/log4j.jar:/SW/android_studio-test/bin/../lib/trove4j.jar:/SW/android_studio-test/bin/../lib/jna.jar:/SW/android_studio-test/bin/../jre/lib/tools.jar
PATH=/home/orange/bin:/home/orange/.local/bin:/SW/jdk/bin:/usr/local/sbin:/usr/local/bin:/usr/sbin:/usr/bin:/sbin:/bin:/usr/games:/usr/local/games:/snap/bin
LD_LIBRARY_PATH=/SW/android_studio-test/bin:
SHELL=/bin/bash
DISPLAY=:0

Signal Handlers:
SIGSEGV: [libjvm.so+0x9e5150], sa_mask[0]=11111111011111111101111111111110, sa_flags=SA_RESTART|SA_SIGINFO
SIGBUS: [libjvm.so+0x9e5150], sa_mask[0]=11111111011111111101111111111110, sa_flags=SA_RESTART|SA_SIGINFO
SIGFPE: [libjvm.so+0x848450], sa_mask[0]=11111111011111111101111111111110, sa_flags=SA_RESTART|SA_SIGINFO
SIGPIPE: [libjvm.so+0x848450], sa_mask[0]=11111111011111111101111111111110, sa_flags=SA_RESTART|SA_SIGINFO
SIGXFSZ: [libjvm.so+0x848450], sa_mask[0]=11111111011111111101111111111110, sa_flags=SA_RESTART|SA_SIGINFO
SIGILL: [libjvm.so+0x848450], sa_mask[0]=11111111011111111101111111111110, sa_flags=SA_RESTART|SA_SIGINFO
SIGUSR1: SIG_DFL, sa_mask[0]=00000000000000000000000000000000, sa_flags=none
SIGUSR2: [libjvm.so+0x848320], sa_mask[0]=00100000000000000000000000000000, sa_flags=SA_RESTART|SA_SIGINFO
SIGHUP: SIG_DFL, sa_mask[0]=00000000000000000000000000000000, sa_flags=none
SIGINT: SIG_DFL, sa_mask[0]=00000000000000000000000000000000, sa_flags=none
SIGTERM: SIG_DFL, sa_mask[0]=00000000000000000000000000000000, sa_flags=none
SIGQUIT: SIG_DFL, sa_mask[0]=00000000000000000000000000000000, sa_flags=none


---------------  S Y S T E M  ---------------

OS:DISTRIB_ID=Ubuntu
DISTRIB_RELEASE=16.04
DISTRIB_CODENAME=xenial
DISTRIB_DESCRIPTION="Ubuntu 16.04.3 LTS"

uname:Linux 4.10.0-37-generic #41~16.04.1-Ubuntu SMP Fri Oct 6 22:42:59 UTC 2017 x86_64
libc:glibc 2.23 NPTL 2.23 
rlimit: STACK 8192k, CORE 0k, NPROC 31140, NOFILE 1048576, AS infinity
load average:15.96 5.09 3.50

/proc/meminfo:
MemTotal:        8093552 kB
MemFree:          107152 kB
MemAvailable:      17812 kB
Buffers:             820 kB
Cached:           144700 kB
SwapCached:            0 kB
Active:          6123300 kB
Inactive:         113072 kB
Active(anon):    6106128 kB
Inactive(anon):    95624 kB
Active(file):      17172 kB
Inactive(file):    17448 kB
Unevictable:         412 kB
Mlocked:             412 kB
SwapTotal:             0 kB
SwapFree:              0 kB
Dirty:                48 kB
Writeback:           104 kB
AnonPages:       6092988 kB
Mapped:          1470840 kB
Shmem:            109092 kB
Slab:             209900 kB
SReclaimable:      64584 kB
SUnreclaim:       145316 kB
KernelStack:       18108 kB
PageTables:        68152 kB
NFS_Unstable:          0 kB
Bounce:                0 kB
WritebackTmp:          0 kB
CommitLimit:     4046776 kB
Committed_AS:   13782644 kB
VmallocTotal:   34359738367 kB
VmallocUsed:           0 kB
VmallocChunk:          0 kB
HardwareCorrupted:     0 kB
AnonHugePages:   2562048 kB
ShmemHugePages:        0 kB
ShmemPmdMapped:        0 kB
CmaTotal:              0 kB
CmaFree:               0 kB
HugePages_Total:       0
HugePages_Free:        0
HugePages_Rsvd:        0
HugePages_Surp:        0
Hugepagesize:       2048 kB
DirectMap4k:     2356992 kB
DirectMap2M:     5953536 kB
DirectMap1G:     1048576 kB


CPU:total 8 (4 cores per cpu, 2 threads per core) family 6 model 60 stepping 3, cmov, cx8, fxsr, mmx, sse, sse2, sse3, ssse3, sse4.1, sse4.2, popcnt, avx, avx2, aes, clmul, erms, lzcnt, ht, tsc, tscinvbit, bmi1, bmi2

/proc/cpuinfo:
processor	: 0
vendor_id	: GenuineIntel
cpu family	: 6
model		: 60
model name	: Intel(R) Core(TM) i7-4710HQ CPU @ 2.50GHz
stepping	: 3
microcode	: 0x22
cpu MHz		: 3227.386
cache size	: 6144 KB
physical id	: 0
siblings	: 8
core id		: 0
cpu cores	: 4
apicid		: 0
initial apicid	: 0
fpu		: yes
fpu_exception	: yes
cpuid level	: 13
wp		: yes
flags		: fpu vme de pse tsc msr pae mce cx8 apic sep mtrr pge mca cmov pat pse36 clflush dts acpi mmx fxsr sse sse2 ss ht tm pbe syscall nx pdpe1gb rdtscp lm constant_tsc arch_perfmon pebs bts rep_good nopl xtopology nonstop_tsc aperfmperf pni pclmulqdq dtes64 monitor ds_cpl vmx est tm2 ssse3 sdbg fma cx16 xtpr pdcm pcid sse4_1 sse4_2 x2apic movbe popcnt tsc_deadline_timer aes xsave avx f16c rdrand lahf_lm abm epb tpr_shadow vnmi flexpriority ept vpid fsgsbase tsc_adjust bmi1 avx2 smep bmi2 erms invpcid xsaveopt dtherm ida arat pln pts
bugs		:
bogomips	: 4988.27
clflush size	: 64
cache_alignment	: 64
address sizes	: 39 bits physical, 48 bits virtual
power management:

processor	: 1
vendor_id	: GenuineIntel
cpu family	: 6
model		: 60
model name	: Intel(R) Core(TM) i7-4710HQ CPU @ 2.50GHz
stepping	: 3
microcode	: 0x22
cpu MHz		: 3298.797
cache size	: 6144 KB
physical id	: 0
siblings	: 8
core id		: 0
cpu cores	: 4
apicid		: 1
initial apicid	: 1
fpu		: yes
fpu_exception	: yes
cpuid level	: 13
wp		: yes
flags		: fpu vme de pse tsc msr pae mce cx8 apic sep mtrr pge mca cmov pat pse36 clflush dts acpi mmx fxsr sse sse2 ss ht tm pbe syscall nx pdpe1gb rdtscp lm constant_tsc arch_perfmon pebs bts rep_good nopl xtopology nonstop_tsc aperfmperf pni pclmulqdq dtes64 monitor ds_cpl vmx est tm2 ssse3 sdbg fma cx16 xtpr pdcm pcid sse4_1 sse4_2 x2apic movbe popcnt tsc_deadline_timer aes xsave avx f16c rdrand lahf_lm abm epb tpr_shadow vnmi flexpriority ept vpid fsgsbase tsc_adjust bmi1 avx2 smep bmi2 erms invpcid xsaveopt dtherm ida arat pln pts
bugs		:
bogomips	: 4988.27
clflush size	: 64
cache_alignment	: 64
address sizes	: 39 bits physical, 48 bits virtual
power management:

processor	: 2
vendor_id	: GenuineIntel
cpu family	: 6
model		: 60
model name	: Intel(R) Core(TM) i7-4710HQ CPU @ 2.50GHz
stepping	: 3
microcode	: 0x22
cpu MHz		: 3130.645
cache size	: 6144 KB
physical id	: 0
siblings	: 8
core id		: 1
cpu cores	: 4
apicid		: 2
initial apicid	: 2
fpu		: yes
fpu_exception	: yes
cpuid level	: 13
wp		: yes
flags		: fpu vme de pse tsc msr pae mce cx8 apic sep mtrr pge mca cmov pat pse36 clflush dts acpi mmx fxsr sse sse2 ss ht tm pbe syscall nx pdpe1gb rdtscp lm constant_tsc arch_perfmon pebs bts rep_good nopl xtopology nonstop_tsc aperfmperf pni pclmulqdq dtes64 monitor ds_cpl vmx est tm2 ssse3 sdbg fma cx16 xtpr pdcm pcid sse4_1 sse4_2 x2apic movbe popcnt tsc_deadline_timer aes xsave avx f16c rdrand lahf_lm abm epb tpr_shadow vnmi flexpriority ept vpid fsgsbase tsc_adjust bmi1 avx2 smep bmi2 erms invpcid xsaveopt dtherm ida arat pln pts
bugs		:
bogomips	: 4988.27
clflush size	: 64
cache_alignment	: 64
address sizes	: 39 bits physical, 48 bits virtual
power management:

processor	: 3
vendor_id	: GenuineIntel
cpu family	: 6
model		: 60
model name	: Intel(R) Core(TM) i7-4710HQ CPU @ 2.50GHz
stepping	: 3
microcode	: 0x22
cpu MHz		: 3241.577
cache size	: 6144 KB
physical id	: 0
siblings	: 8
core id		: 1
cpu cores	: 4
apicid		: 3
initial apicid	: 3
fpu		: yes
fpu_exception	: yes
cpuid level	: 13
wp		: yes
flags		: fpu vme de pse tsc msr pae mce cx8 apic sep mtrr pge mca cmov pat pse36 clflush dts acpi mmx fxsr sse sse2 ss ht tm pbe syscall nx pdpe1gb rdtscp lm constant_tsc arch_perfmon pebs bts rep_good nopl xtopology nonstop_tsc aperfmperf pni pclmulqdq dtes64 monitor ds_cpl vmx est tm2 ssse3 sdbg fma cx16 xtpr pdcm pcid sse4_1 sse4_2 x2apic movbe popcnt tsc_deadline_timer aes xsave avx f16c rdrand lahf_lm abm epb tpr_shadow vnmi flexpriority ept vpid fsgsbase tsc_adjust bmi1 avx2 smep bmi2 erms invpcid xsaveopt dtherm ida arat pln pts
bugs		:
bogomips	: 4988.27
clflush size	: 64
cache_alignment	: 64
address sizes	: 39 bits physical, 48 bits virtual
power management:

processor	: 4
vendor_id	: GenuineIntel
cpu family	: 6
model		: 60
model name	: Intel(R) Core(TM) i7-4710HQ CPU @ 2.50GHz
stepping	: 3
microcode	: 0x22
cpu MHz		: 2881.622
cache size	: 6144 KB
physical id	: 0
siblings	: 8
core id		: 2
cpu cores	: 4
apicid		: 4
initial apicid	: 4
fpu		: yes
fpu_exception	: yes
cpuid level	: 13
wp		: yes
flags		: fpu vme de pse tsc msr pae mce cx8 apic sep mtrr pge mca cmov pat pse36 clflush dts acpi mmx fxsr sse sse2 ss ht tm pbe syscall nx pdpe1gb rdtscp lm constant_tsc arch_perfmon pebs bts rep_good nopl xtopology nonstop_tsc aperfmperf pni pclmulqdq dtes64 monitor ds_cpl vmx est tm2 ssse3 sdbg fma cx16 xtpr pdcm pcid sse4_1 sse4_2 x2apic movbe popcnt tsc_deadline_timer aes xsave avx f16c rdrand lahf_lm abm epb tpr_shadow vnmi flexpriority ept vpid fsgsbase tsc_adjust bmi1 avx2 smep bmi2 erms invpcid xsaveopt dtherm ida arat pln pts
bugs		:
bogomips	: 4988.27
clflush size	: 64
cache_alignment	: 64
address sizes	: 39 bits physical, 48 bits virtual
power management:

processor	: 5
vendor_id	: GenuineIntel
cpu family	: 6
model		: 60
model name	: Intel(R) Core(TM) i7-4710HQ CPU @ 2.50GHz
stepping	: 3
microcode	: 0x22
cpu MHz		: 3033.752
cache size	: 6144 KB
physical id	: 0
siblings	: 8
core id		: 2
cpu cores	: 4
apicid		: 5
initial apicid	: 5
fpu		: yes
fpu_exception	: yes
cpuid level	: 13
wp		: yes
flags		: fpu vme de pse tsc msr pae mce cx8 apic sep mtrr pge mca cmov pat pse36 clflush dts acpi mmx fxsr sse sse2 ss ht tm pbe syscall nx pdpe1gb rdtscp lm constant_tsc arch_perfmon pebs bts rep_good nopl xtopology nonstop_tsc aperfmperf pni pclmulqdq dtes64 monitor ds_cpl vmx est tm2 ssse3 sdbg fma cx16 xtpr pdcm pcid sse4_1 sse4_2 x2apic movbe popcnt tsc_deadline_timer aes xsave avx f16c rdrand lahf_lm abm epb tpr_shadow vnmi flexpriority ept vpid fsgsbase tsc_adjust bmi1 avx2 smep bmi2 erms invpcid xsaveopt dtherm ida arat pln pts
bugs		:
bogomips	: 4988.27
clflush size	: 64
cache_alignment	: 64
address sizes	: 39 bits physical, 48 bits virtual
power management:

processor	: 6
vendor_id	: GenuineIntel
cpu family	: 6
model		: 60
model name	: Intel(R) Core(TM) i7-4710HQ CPU @ 2.50GHz
stepping	: 3
microcode	: 0x22
cpu MHz		: 3281.555
cache size	: 6144 KB
physical id	: 0
siblings	: 8
core id		: 3
cpu cores	: 4
apicid		: 6
initial apicid	: 6
fpu		: yes
fpu_exception	: yes
cpuid level	: 13
wp		: yes
flags		: fpu vme de pse tsc msr pae mce cx8 apic sep mtrr pge mca cmov pat pse36 clflush dts acpi mmx fxsr sse sse2 ss ht tm pbe syscall nx pdpe1gb rdtscp lm constant_tsc arch_perfmon pebs bts rep_good nopl xtopology nonstop_tsc aperfmperf pni pclmulqdq dtes64 monitor ds_cpl vmx est tm2 ssse3 sdbg fma cx16 xtpr pdcm pcid sse4_1 sse4_2 x2apic movbe popcnt tsc_deadline_timer aes xsave avx f16c rdrand lahf_lm abm epb tpr_shadow vnmi flexpriority ept vpid fsgsbase tsc_adjust bmi1 avx2 smep bmi2 erms invpcid xsaveopt dtherm ida arat pln pts
bugs		:
bogomips	: 4988.27
clflush size	: 64
cache_alignment	: 64
address sizes	: 39 bits physical, 48 bits virtual
power management:

processor	: 7
vendor_id	: GenuineIntel
cpu family	: 6
model		: 60
model name	: Intel(R) Core(TM) i7-4710HQ CPU @ 2.50GHz
stepping	: 3
microcode	: 0x22
cpu MHz		: 3268.890
cache size	: 6144 KB
physical id	: 0
siblings	: 8
core id		: 3
cpu cores	: 4
apicid		: 7
initial apicid	: 7
fpu		: yes
fpu_exception	: yes
cpuid level	: 13
wp		: yes
flags		: fpu vme de pse tsc msr pae mce cx8 apic sep mtrr pge mca cmov pat pse36 clflush dts acpi mmx fxsr sse sse2 ss ht tm pbe syscall nx pdpe1gb rdtscp lm constant_tsc arch_perfmon pebs bts rep_good nopl xtopology nonstop_tsc aperfmperf pni pclmulqdq dtes64 monitor ds_cpl vmx est tm2 ssse3 sdbg fma cx16 xtpr pdcm pcid sse4_1 sse4_2 x2apic movbe popcnt tsc_deadline_timer aes xsave avx f16c rdrand lahf_lm abm epb tpr_shadow vnmi flexpriority ept vpid fsgsbase tsc_adjust bmi1 avx2 smep bmi2 erms invpcid xsaveopt dtherm ida arat pln pts
bugs		:
bogomips	: 4988.27
clflush size	: 64
cache_alignment	: 64
address sizes	: 39 bits physical, 48 bits virtual
power management:



Memory: 4k page, physical 8093552k(107132k free), swap 0k(0k free)

vm_info: OpenJDK 64-Bit Server VM (25.112-b06) for linux-amd64 JRE (1.8.0_112-release-b06), built on Dec  6 2016 12:11:18 by "builder" with gcc 4.8.4

time: Tue Oct 31 17:12:08 2017
elapsed time: 0 seconds (0d 0h 0m 0s)

