#
# There is insufficient memory for the Java Runtime Environment to continue.
# Native memory allocation (mmap) failed to map 32505856 bytes for committing reserved memory.
# Possible reasons:
#   The system is out of physical RAM or swap space
#   In 32 bit mode, the process size limit was hit
# Possible solutions:
#   Reduce memory load on the system
#   Increase physical memory or swap space
#   Check if swap backing store is full
#   Use 64 bit Java on a 64 bit OS
#   Decrease Java heap size (-Xmx/-Xms)
#   Decrease number of Java threads
#   Decrease Java thread stack sizes (-Xss)
#   Set larger code cache with -XX:ReservedCodeCacheSize=
# This output file may be truncated or incomplete.
#
#  Out of Memory Error (os_linux.cpp:2627), pid=24789, tid=0x00007fb344923700
#
# JRE version: OpenJDK Runtime Environment (8.0_112-b06) (build 1.8.0_112-release-b06)
# Java VM: OpenJDK 64-Bit Server VM (25.112-b06 mixed mode linux-amd64 compressed oops)
# Failed to write core dump. Core dumps have been disabled. To enable core dumping, try "ulimit -c unlimited" before starting Java again
#

---------------  T H R E A D  ---------------

Current thread (0x00007fb37407f800):  VMThread [stack: 0x00007fb344823000,0x00007fb344924000] [id=24833]

Stack: [0x00007fb344823000,0x00007fb344924000],  sp=0x00007fb3449224c0,  free space=1021k
Native frames: (J=compiled Java code, j=interpreted, Vv=VM code, C=native code)
V  [libjvm.so+0x9e465d]  VMError::report_and_die()+0x15d
V  [libjvm.so+0x4b6ada]  report_vm_out_of_memory(char const*, int, unsigned long, VMErrorType, char const*)+0x8a
V  [libjvm.so+0x84c860]  os::pd_commit_memory(char*, unsigned long, unsigned long, bool)+0xf0
V  [libjvm.so+0x84737f]  os::commit_memory(char*, unsigned long, unsigned long, bool)+0x1f
V  [libjvm.so+0x8bd3db]  PSVirtualSpace::expand_by(unsigned long)+0x5b
V  [libjvm.so+0x8be050]  PSYoungGen::resize_generation(unsigned long, unsigned long)+0xb0
V  [libjvm.so+0x8be36b]  PSYoungGen::resize(unsigned long, unsigned long)+0x1b
V  [libjvm.so+0x8baa5c]  PSScavenge::invoke_no_policy()+0xdac
V  [libjvm.so+0x8bb238]  PSScavenge::invoke()+0x38
V  [libjvm.so+0x86fcf3]  ParallelScavengeHeap::failed_mem_allocate(unsigned long)+0x63
V  [libjvm.so+0x9e6124]  VM_ParallelGCFailedAllocation::doit()+0x84
V  [libjvm.so+0x9ea537]  VM_Operation::evaluate()+0x47
V  [libjvm.so+0x9e8ff8]  VMThread::evaluate_operation(VM_Operation*)+0x2c8
V  [libjvm.so+0x9e9479]  VMThread::loop()+0x219
V  [libjvm.so+0x9e98c2]  VMThread::run()+0x72
V  [libjvm.so+0x849c82]  java_start(Thread*)+0xf2

VM_Operation (0x00007fb33353df10): ParallelGCFailedAllocation, mode: safepoint, requested by thread 0x00007fb374149000


---------------  P R O C E S S  ---------------

Java Threads: ( => current thread )
  0x00007fb374151800 JavaThread "pool-2-thread-4" [_thread_blocked, id=24891, stack(0x00007fb33303b000,0x00007fb33313c000)]
  0x00007fb374150000 JavaThread "pool-2-thread-3" [_thread_blocked, id=24888, stack(0x00007fb33313c000,0x00007fb33323d000)]
  0x00007fb37414e000 JavaThread "pool-2-thread-2" [_thread_blocked, id=24886, stack(0x00007fb33323d000,0x00007fb33333e000)]
  0x00007fb37414c800 JavaThread "pool-3-thread-1" [_thread_blocked, id=24877, stack(0x00007fb33333e000,0x00007fb33343f000)]
  0x00007fb374149000 JavaThread "pool-2-thread-1" [_thread_blocked, id=24875, stack(0x00007fb33343f000,0x00007fb333540000)]
  0x00007fb3740d3000 JavaThread "Service Thread" daemon [_thread_blocked, id=24862, stack(0x00007fb34401b000,0x00007fb34411c000)]
  0x00007fb3740c8000 JavaThread "C1 CompilerThread3" daemon [_thread_blocked, id=24854, stack(0x00007fb34411c000,0x00007fb34421d000)]
  0x00007fb3740c6000 JavaThread "C2 CompilerThread2" daemon [_thread_blocked, id=24852, stack(0x00007fb34421d000,0x00007fb34431e000)]
  0x00007fb3740c4000 JavaThread "C2 CompilerThread1" daemon [_thread_blocked, id=24850, stack(0x00007fb34431e000,0x00007fb34441f000)]
  0x00007fb3740c1800 JavaThread "C2 CompilerThread0" daemon [_thread_blocked, id=24848, stack(0x00007fb34441f000,0x00007fb344520000)]
  0x00007fb3740c0000 JavaThread "Signal Dispatcher" daemon [_thread_blocked, id=24846, stack(0x00007fb344520000,0x00007fb344621000)]
  0x00007fb37408c000 JavaThread "Finalizer" daemon [_thread_blocked, id=24844, stack(0x00007fb344621000,0x00007fb344722000)]
  0x00007fb374087800 JavaThread "Reference Handler" daemon [_thread_blocked, id=24840, stack(0x00007fb344722000,0x00007fb344823000)]
  0x00007fb37400a000 JavaThread "main" [_thread_blocked, id=24797, stack(0x00007fb37be8d000,0x00007fb37bf8e000)]

Other Threads:
=>0x00007fb37407f800 VMThread [stack: 0x00007fb344823000,0x00007fb344924000] [id=24833]
  0x00007fb3740d5800 WatcherThread [stack: 0x00007fb333540000,0x00007fb333641000] [id=24863]

VM state:at safepoint (normal execution)

VM Mutex/Monitor currently owned by a thread:  ([mutex/lock_event])
[0x00007fb374006680] Threads_lock - owner thread: 0x00007fb37407f800
[0x00007fb374006b80] Heap_lock - owner thread: 0x00007fb374149000

Heap:
 PSYoungGen      total 36864K, used 5088K [0x00000000eab00000, 0x00000000ed400000, 0x0000000100000000)
  eden space 31744K, 0% used [0x00000000eab00000,0x00000000eab00000,0x00000000eca00000)
  from space 5120K, 99% used [0x00000000eca00000,0x00000000ecef8120,0x00000000ecf00000)
  to   space 5120K, 0% used [0x00000000ecf00000,0x00000000ecf00000,0x00000000ed400000)
 ParOldGen       total 84992K, used 1314K [0x00000000c0000000, 0x00000000c5300000, 0x00000000eab00000)
  object space 84992K, 1% used [0x00000000c0000000,0x00000000c0148878,0x00000000c5300000)
 Metaspace       used 5677K, capacity 6896K, committed 7040K, reserved 1056768K
  class space    used 552K, capacity 616K, committed 640K, reserved 1048576K

Card table byte_map: [0x00007fb378b1f000,0x00007fb378d20000] byte_map_base: 0x00007fb37851f000

Marking Bits: (ParMarkBitMap*) 0x00007fb37b35c340
 Begin Bits: [0x00007fb346000000, 0x00007fb347000000)
 End Bits:   [0x00007fb347000000, 0x00007fb348000000)

Polling page: 0x00007fb37bfaf000

CodeCache: size=245760Kb used=4444Kb max_used=4465Kb free=241315Kb
 bounds [0x00007fb365000000, 0x00007fb365470000, 0x00007fb374000000]
 total_blobs=1354 nmethods=1092 adapters=176
 compilation: enabled

Compilation events (10 events):
Event: 13,788 Thread 0x00007fb3740c1800 nmethod 1108 0x00007fb365453310 code [0x00007fb365453460, 0x00007fb3654534f8]
Event: 13,791 Thread 0x00007fb3740c6000 nmethod 1107 0x00007fb36545ce50 code [0x00007fb36545d020, 0x00007fb36545d578]
Event: 13,797 Thread 0x00007fb3740c8000 nmethod 1096 0x00007fb36545f2d0 code [0x00007fb36545f480, 0x00007fb36545f948]
Event: 13,802 Thread 0x00007fb3740c6000 1109       4       java.util.ArrayList::subListRangeCheck (110 bytes)
Event: 13,804 Thread 0x00007fb3740c1800 1113       4       com.android.dx.ssa.SsaMethod::forEachInsn (36 bytes)
Event: 14,136 Thread 0x00007fb3740c8000 1127       3       java.util.concurrent.locks.AbstractQueuedSynchronizer::release (33 bytes)
Event: 14,265 Thread 0x00007fb3740c6000 nmethod 1109 0x00007fb36544d210 code [0x00007fb36544d360, 0x00007fb36544d3f8]
Event: 14,327 Thread 0x00007fb3740c6000 1115   !   4       com.android.dx.rop.cst.StdConstantPool::get (24 bytes)
Event: 14,327 Thread 0x00007fb3740c1800 nmethod 1113 0x00007fb36545ec10 code [0x00007fb36545ed80, 0x00007fb36545efc8]
Event: 14,336 Thread 0x00007fb3740c1800 1125       4       com.android.dx.rop.code.Rop::isCommutative (60 bytes)

GC Heap History (1 events):
Event: 16,434 GC heap before
{Heap before GC invocations=1 (full 0):
 PSYoungGen      total 36864K, used 31744K [0x00000000eab00000, 0x00000000ed400000, 0x0000000100000000)
  eden space 31744K, 100% used [0x00000000eab00000,0x00000000eca00000,0x00000000eca00000)
  from space 5120K, 0% used [0x00000000ecf00000,0x00000000ecf00000,0x00000000ed400000)
  to   space 5120K, 0% used [0x00000000eca00000,0x00000000eca00000,0x00000000ecf00000)
 ParOldGen       total 84992K, used 0K [0x00000000c0000000, 0x00000000c5300000, 0x00000000eab00000)
  object space 84992K, 0% used [0x00000000c0000000,0x00000000c0000000,0x00000000c5300000)
 Metaspace       used 5677K, capacity 6896K, committed 7040K, reserved 1056768K
  class space    used 552K, capacity 616K, committed 640K, reserved 1048576K

Deoptimization events (2 events):
Event: 0,514 Thread 0x00007fb37400a000 Uncommon trap: reason=unstable_if action=reinterpret pc=0x00007fb36513dac4 method=java.lang.String.indexOf(II)I @ 49
Event: 2,591 Thread 0x00007fb37414e000 Uncommon trap: reason=unstable_if action=reinterpret pc=0x00007fb3651d20cc method=java.util.HashMap.getNode(ILjava/lang/Object;)Ljava/util/HashMap$Node; @ 129

Internal exceptions (2 events):
Event: 0,036 Thread 0x00007fb37400a000 Exception <a 'java/lang/NoSuchMethodError': Method sun.misc.Unsafe.defineClass(Ljava/lang/String;[BII)Ljava/lang/Class; name or signature does not match> (0x00000000eab07c78) thrown at [/ssd/Android/AOSP-openjdk/external/jetbrains/jdk/hotspot/src/share/vm
Event: 0,036 Thread 0x00007fb37400a000 Exception <a 'java/lang/NoSuchMethodError': Method sun.misc.Unsafe.prefetchRead(Ljava/lang/Object;J)V name or signature does not match> (0x00000000eab07f60) thrown at [/ssd/Android/AOSP-openjdk/external/jetbrains/jdk/hotspot/src/share/vm/prims/jni.cpp, li

Events (10 events):
Event: 2,591 Thread 0x00007fb37414e000 Uncommon trap: trap_request=0xffffff65 fr.pc=0x00007fb3651d20cc
Event: 2,591 Thread 0x00007fb37414e000 DEOPT PACKING pc=0x00007fb3651d20cc sp=0x00007fb33333bea0
Event: 2,592 Thread 0x00007fb37414e000 DEOPT UNPACKING pc=0x00007fb365004f69 sp=0x00007fb33333be38 mode 2
Event: 2,637 loading class java/util/ArrayList$1
Event: 2,650 loading class java/util/ArrayList$1 done
Event: 2,726 loading class com/android/dx/cf/code/BytecodeArray$ConstantParserVisitor
Event: 2,726 loading class com/android/dx/cf/code/BytecodeArray$ConstantParserVisitor done
Event: 4,080 Executing VM operation: EnableBiasedLocking
Event: 4,081 Executing VM operation: EnableBiasedLocking done
Event: 15,776 Executing VM operation: ParallelGCFailedAllocation


Dynamic libraries:
00400000-00401000 r-xp 00000000 08:05 1840702                            /SW/android_studio-test/jre/bin/java
00600000-00601000 r--p 00000000 08:05 1840702                            /SW/android_studio-test/jre/bin/java
00601000-00602000 rw-p 00001000 08:05 1840702                            /SW/android_studio-test/jre/bin/java
025ad000-025ce000 rw-p 00000000 00:00 0                                  [heap]
c0000000-c5300000 rw-p 00000000 00:00 0 
c5300000-eab00000 ---p 00000000 00:00 0 
eab00000-ed400000 rw-p 00000000 00:00 0 
ef300000-100000000 ---p 00000000 00:00 0 
100000000-1000a0000 rw-p 00000000 00:00 0 
1000a0000-140000000 ---p 00000000 00:00 0 
7fb2fc000000-7fb2fc021000 rw-p 00000000 00:00 0 
7fb2fc021000-7fb300000000 ---p 00000000 00:00 0 
7fb304000000-7fb30403a000 rw-p 00000000 00:00 0 
7fb30403a000-7fb308000000 ---p 00000000 00:00 0 
7fb308000000-7fb308021000 rw-p 00000000 00:00 0 
7fb308021000-7fb30c000000 ---p 00000000 00:00 0 
7fb30c000000-7fb30c06b000 rw-p 00000000 00:00 0 
7fb30c06b000-7fb310000000 ---p 00000000 00:00 0 
7fb310000000-7fb310021000 rw-p 00000000 00:00 0 
7fb310021000-7fb314000000 ---p 00000000 00:00 0 
7fb314000000-7fb314021000 rw-p 00000000 00:00 0 
7fb314021000-7fb318000000 ---p 00000000 00:00 0 
7fb318000000-7fb318021000 rw-p 00000000 00:00 0 
7fb318021000-7fb31c000000 ---p 00000000 00:00 0 
7fb31c000000-7fb31c63e000 rw-p 00000000 00:00 0 
7fb31c63e000-7fb320000000 ---p 00000000 00:00 0 
7fb320000000-7fb320365000 rw-p 00000000 00:00 0 
7fb320365000-7fb324000000 ---p 00000000 00:00 0 
7fb324000000-7fb324465000 rw-p 00000000 00:00 0 
7fb324465000-7fb328000000 ---p 00000000 00:00 0 
7fb328000000-7fb3284ec000 rw-p 00000000 00:00 0 
7fb3284ec000-7fb32c000000 ---p 00000000 00:00 0 
7fb32c000000-7fb32c021000 rw-p 00000000 00:00 0 
7fb32c021000-7fb330000000 ---p 00000000 00:00 0 
7fb33303b000-7fb33303e000 ---p 00000000 00:00 0 
7fb33303e000-7fb33313c000 rw-p 00000000 00:00 0 
7fb33313c000-7fb33313f000 ---p 00000000 00:00 0 
7fb33313f000-7fb33323d000 rw-p 00000000 00:00 0 
7fb33323d000-7fb333240000 ---p 00000000 00:00 0 
7fb333240000-7fb33333e000 rw-p 00000000 00:00 0 
7fb33333e000-7fb333341000 ---p 00000000 00:00 0 
7fb333341000-7fb33343f000 rw-p 00000000 00:00 0 
7fb33343f000-7fb333442000 ---p 00000000 00:00 0 
7fb333442000-7fb333540000 rw-p 00000000 00:00 0 
7fb333540000-7fb333541000 ---p 00000000 00:00 0 
7fb333541000-7fb333641000 rw-p 00000000 00:00 0 
7fb333641000-7fb334000000 r--p 00000000 08:05 2371974                    /usr/lib/locale/locale-archive
7fb334000000-7fb334021000 rw-p 00000000 00:00 0 
7fb334021000-7fb338000000 ---p 00000000 00:00 0 
7fb338000000-7fb338021000 rw-p 00000000 00:00 0 
7fb338021000-7fb33c000000 ---p 00000000 00:00 0 
7fb33c000000-7fb33c27e000 rw-p 00000000 00:00 0 
7fb33c27e000-7fb340000000 ---p 00000000 00:00 0 
7fb340000000-7fb340021000 rw-p 00000000 00:00 0 
7fb340021000-7fb344000000 ---p 00000000 00:00 0 
7fb34400c000-7fb34401b000 r--s 000ed000 08:12 15340323                   /home/orange/Android/Sdk/build-tools/26.0.2/lib/dx.jar
7fb34401b000-7fb34401e000 ---p 00000000 00:00 0 
7fb34401e000-7fb34411c000 rw-p 00000000 00:00 0 
7fb34411c000-7fb34411f000 ---p 00000000 00:00 0 
7fb34411f000-7fb34421d000 rw-p 00000000 00:00 0 
7fb34421d000-7fb344220000 ---p 00000000 00:00 0 
7fb344220000-7fb34431e000 rw-p 00000000 00:00 0 
7fb34431e000-7fb344321000 ---p 00000000 00:00 0 
7fb344321000-7fb34441f000 rw-p 00000000 00:00 0 
7fb34441f000-7fb344422000 ---p 00000000 00:00 0 
7fb344422000-7fb344520000 rw-p 00000000 00:00 0 
7fb344520000-7fb344523000 ---p 00000000 00:00 0 
7fb344523000-7fb344621000 rw-p 00000000 00:00 0 
7fb344621000-7fb344624000 ---p 00000000 00:00 0 
7fb344624000-7fb344722000 rw-p 00000000 00:00 0 
7fb344722000-7fb344725000 ---p 00000000 00:00 0 
7fb344725000-7fb344823000 rw-p 00000000 00:00 0 
7fb344823000-7fb344824000 ---p 00000000 00:00 0 
7fb344824000-7fb348000000 rw-p 00000000 00:00 0 
7fb348000000-7fb348021000 rw-p 00000000 00:00 0 
7fb348021000-7fb34c000000 ---p 00000000 00:00 0 
7fb34c000000-7fb34c021000 rw-p 00000000 00:00 0 
7fb34c021000-7fb350000000 ---p 00000000 00:00 0 
7fb350000000-7fb350021000 rw-p 00000000 00:00 0 
7fb350021000-7fb354000000 ---p 00000000 00:00 0 
7fb354000000-7fb354021000 rw-p 00000000 00:00 0 
7fb354021000-7fb358000000 ---p 00000000 00:00 0 
7fb358000000-7fb358021000 rw-p 00000000 00:00 0 
7fb358021000-7fb35c000000 ---p 00000000 00:00 0 
7fb35c000000-7fb35c021000 rw-p 00000000 00:00 0 
7fb35c021000-7fb360000000 ---p 00000000 00:00 0 
7fb360000000-7fb360021000 rw-p 00000000 00:00 0 
7fb360021000-7fb364000000 ---p 00000000 00:00 0 
7fb36400c000-7fb364431000 rw-p 00000000 00:00 0 
7fb364431000-7fb364600000 r--s 03c1b000 08:05 1840759                    /SW/android_studio-test/jre/jre/lib/rt.jar
7fb364600000-7fb364c40000 rw-p 00000000 00:00 0 
7fb364c40000-7fb364e00000 ---p 00000000 00:00 0 
7fb364e00000-7fb365000000 rw-p 00000000 00:00 0 
7fb365000000-7fb365470000 rwxp 00000000 00:00 0 
7fb365470000-7fb374000000 ---p 00000000 00:00 0 
7fb374000000-7fb3743a5000 rw-p 00000000 00:00 0 
7fb3743a5000-7fb378000000 ---p 00000000 00:00 0 
7fb378008000-7fb3781c1000 rw-p 00000000 00:00 0 
7fb3781c1000-7fb3781c2000 ---p 00000000 00:00 0 
7fb3781c2000-7fb3782c2000 rw-p 00000000 00:00 0 
7fb3782c2000-7fb3782c3000 ---p 00000000 00:00 0 
7fb3782c3000-7fb3783c3000 rw-p 00000000 00:00 0 
7fb3783c3000-7fb3783c4000 ---p 00000000 00:00 0 
7fb3783c4000-7fb3784c4000 rw-p 00000000 00:00 0 
7fb3784c4000-7fb3784c5000 ---p 00000000 00:00 0 
7fb3784c5000-7fb3785c5000 rw-p 00000000 00:00 0 
7fb3785c5000-7fb3785c6000 ---p 00000000 00:00 0 
7fb3785c6000-7fb3786c6000 rw-p 00000000 00:00 0 
7fb3786c6000-7fb3786c7000 ---p 00000000 00:00 0 
7fb3786c7000-7fb3787c7000 rw-p 00000000 00:00 0 
7fb3787c7000-7fb3787c8000 ---p 00000000 00:00 0 
7fb3787c8000-7fb3788c8000 rw-p 00000000 00:00 0 
7fb3788c8000-7fb3788c9000 ---p 00000000 00:00 0 
7fb3788c9000-7fb3789f3000 rw-p 00000000 00:00 0 
7fb3789f3000-7fb378b1f000 ---p 00000000 00:00 0 
7fb378b1f000-7fb378b49000 rw-p 00000000 00:00 0 
7fb378b49000-7fb378c74000 ---p 00000000 00:00 0 
7fb378c74000-7fb378c89000 rw-p 00000000 00:00 0 
7fb378c89000-7fb378d1f000 ---p 00000000 00:00 0 
7fb378d1f000-7fb378d32000 rw-p 00000000 00:00 0 
7fb378d32000-7fb3790e0000 ---p 00000000 00:00 0 
7fb3790e0000-7fb3790fa000 r-xp 00000000 08:05 1840786                    /SW/android_studio-test/jre/jre/lib/amd64/libzip.so
7fb3790fa000-7fb3792fa000 ---p 0001a000 08:05 1840786                    /SW/android_studio-test/jre/jre/lib/amd64/libzip.so
7fb3792fa000-7fb3792fb000 r--p 0001a000 08:05 1840786                    /SW/android_studio-test/jre/jre/lib/amd64/libzip.so
7fb3792fb000-7fb3792fc000 rw-p 0001b000 08:05 1840786                    /SW/android_studio-test/jre/jre/lib/amd64/libzip.so
7fb3792fc000-7fb379307000 r-xp 00000000 08:05 661942                     /lib/x86_64-linux-gnu/libnss_files-2.23.so
7fb379307000-7fb379506000 ---p 0000b000 08:05 661942                     /lib/x86_64-linux-gnu/libnss_files-2.23.so
7fb379506000-7fb379507000 r--p 0000a000 08:05 661942                     /lib/x86_64-linux-gnu/libnss_files-2.23.so
7fb379507000-7fb379508000 rw-p 0000b000 08:05 661942                     /lib/x86_64-linux-gnu/libnss_files-2.23.so
7fb379508000-7fb37950e000 rw-p 00000000 00:00 0 
7fb37950e000-7fb379519000 r-xp 00000000 08:05 661952                     /lib/x86_64-linux-gnu/libnss_nis-2.23.so
7fb379519000-7fb379718000 ---p 0000b000 08:05 661952                     /lib/x86_64-linux-gnu/libnss_nis-2.23.so
7fb379718000-7fb379719000 r--p 0000a000 08:05 661952                     /lib/x86_64-linux-gnu/libnss_nis-2.23.so
7fb379719000-7fb37971a000 rw-p 0000b000 08:05 661952                     /lib/x86_64-linux-gnu/libnss_nis-2.23.so
7fb37971a000-7fb379730000 r-xp 00000000 08:05 661936                     /lib/x86_64-linux-gnu/libnsl-2.23.so
7fb379730000-7fb37992f000 ---p 00016000 08:05 661936                     /lib/x86_64-linux-gnu/libnsl-2.23.so
7fb37992f000-7fb379930000 r--p 00015000 08:05 661936                     /lib/x86_64-linux-gnu/libnsl-2.23.so
7fb379930000-7fb379931000 rw-p 00016000 08:05 661936                     /lib/x86_64-linux-gnu/libnsl-2.23.so
7fb379931000-7fb379933000 rw-p 00000000 00:00 0 
7fb379933000-7fb37993b000 r-xp 00000000 08:05 661938                     /lib/x86_64-linux-gnu/libnss_compat-2.23.so
7fb37993b000-7fb379b3a000 ---p 00008000 08:05 661938                     /lib/x86_64-linux-gnu/libnss_compat-2.23.so
7fb379b3a000-7fb379b3b000 r--p 00007000 08:05 661938                     /lib/x86_64-linux-gnu/libnss_compat-2.23.so
7fb379b3b000-7fb379b3c000 rw-p 00008000 08:05 661938                     /lib/x86_64-linux-gnu/libnss_compat-2.23.so
7fb379b3c000-7fb379b69000 r-xp 00000000 08:05 1840796                    /SW/android_studio-test/jre/jre/lib/amd64/libjava.so
7fb379b69000-7fb379d68000 ---p 0002d000 08:05 1840796                    /SW/android_studio-test/jre/jre/lib/amd64/libjava.so
7fb379d68000-7fb379d69000 r--p 0002c000 08:05 1840796                    /SW/android_studio-test/jre/jre/lib/amd64/libjava.so
7fb379d69000-7fb379d6b000 rw-p 0002d000 08:05 1840796                    /SW/android_studio-test/jre/jre/lib/amd64/libjava.so
7fb379d6b000-7fb379d7b000 r-xp 00000000 08:05 1840812                    /SW/android_studio-test/jre/jre/lib/amd64/libverify.so
7fb379d7b000-7fb379f7a000 ---p 00010000 08:05 1840812                    /SW/android_studio-test/jre/jre/lib/amd64/libverify.so
7fb379f7a000-7fb379f7c000 r--p 0000f000 08:05 1840812                    /SW/android_studio-test/jre/jre/lib/amd64/libverify.so
7fb379f7c000-7fb379f7d000 rw-p 00011000 08:05 1840812                    /SW/android_studio-test/jre/jre/lib/amd64/libverify.so
7fb379f7d000-7fb379f84000 r-xp 00000000 08:05 661997                     /lib/x86_64-linux-gnu/librt-2.23.so
7fb379f84000-7fb37a183000 ---p 00007000 08:05 661997                     /lib/x86_64-linux-gnu/librt-2.23.so
7fb37a183000-7fb37a184000 r--p 00006000 08:05 661997                     /lib/x86_64-linux-gnu/librt-2.23.so
7fb37a184000-7fb37a185000 rw-p 00007000 08:05 661997                     /lib/x86_64-linux-gnu/librt-2.23.so
7fb37a185000-7fb37a28d000 r-xp 00000000 08:05 661913                     /lib/x86_64-linux-gnu/libm-2.23.so
7fb37a28d000-7fb37a48c000 ---p 00108000 08:05 661913                     /lib/x86_64-linux-gnu/libm-2.23.so
7fb37a48c000-7fb37a48d000 r--p 00107000 08:05 661913                     /lib/x86_64-linux-gnu/libm-2.23.so
7fb37a48d000-7fb37a48e000 rw-p 00108000 08:05 661913                     /lib/x86_64-linux-gnu/libm-2.23.so
7fb37a48e000-7fb37b07f000 r-xp 00000000 08:05 1840816                    /SW/android_studio-test/jre/jre/lib/amd64/server/libjvm.so
7fb37b07f000-7fb37b27f000 ---p 00bf1000 08:05 1840816                    /SW/android_studio-test/jre/jre/lib/amd64/server/libjvm.so
7fb37b27f000-7fb37b31e000 r--p 00bf1000 08:05 1840816                    /SW/android_studio-test/jre/jre/lib/amd64/server/libjvm.so
7fb37b31e000-7fb37b347000 rw-p 00c90000 08:05 1840816                    /SW/android_studio-test/jre/jre/lib/amd64/server/libjvm.so
7fb37b347000-7fb37b38b000 rw-p 00000000 00:00 0 
7fb37b38b000-7fb37b3a3000 r-xp 00000000 08:05 661989                     /lib/x86_64-linux-gnu/libpthread-2.23.so
7fb37b3a3000-7fb37b5a2000 ---p 00018000 08:05 661989                     /lib/x86_64-linux-gnu/libpthread-2.23.so
7fb37b5a2000-7fb37b5a3000 r--p 00017000 08:05 661989                     /lib/x86_64-linux-gnu/libpthread-2.23.so
7fb37b5a3000-7fb37b5a4000 rw-p 00018000 08:05 661989                     /lib/x86_64-linux-gnu/libpthread-2.23.so
7fb37b5a4000-7fb37b5a8000 rw-p 00000000 00:00 0 
7fb37b5a8000-7fb37b5ab000 r-xp 00000000 08:05 661867                     /lib/x86_64-linux-gnu/libdl-2.23.so
7fb37b5ab000-7fb37b7aa000 ---p 00003000 08:05 661867                     /lib/x86_64-linux-gnu/libdl-2.23.so
7fb37b7aa000-7fb37b7ab000 r--p 00002000 08:05 661867                     /lib/x86_64-linux-gnu/libdl-2.23.so
7fb37b7ab000-7fb37b7ac000 rw-p 00003000 08:05 661867                     /lib/x86_64-linux-gnu/libdl-2.23.so
7fb37b7ac000-7fb37b96c000 r-xp 00000000 08:05 661843                     /lib/x86_64-linux-gnu/libc-2.23.so
7fb37b96c000-7fb37bb6c000 ---p 001c0000 08:05 661843                     /lib/x86_64-linux-gnu/libc-2.23.so
7fb37bb6c000-7fb37bb70000 r--p 001c0000 08:05 661843                     /lib/x86_64-linux-gnu/libc-2.23.so
7fb37bb70000-7fb37bb72000 rw-p 001c4000 08:05 661843                     /lib/x86_64-linux-gnu/libc-2.23.so
7fb37bb72000-7fb37bb76000 rw-p 00000000 00:00 0 
7fb37bb76000-7fb37bb8c000 r-xp 00000000 08:05 1840676                    /SW/android_studio-test/jre/lib/amd64/jli/libjli.so
7fb37bb8c000-7fb37bd8b000 ---p 00016000 08:05 1840676                    /SW/android_studio-test/jre/lib/amd64/jli/libjli.so
7fb37bd8b000-7fb37bd8c000 r--p 00015000 08:05 1840676                    /SW/android_studio-test/jre/lib/amd64/jli/libjli.so
7fb37bd8c000-7fb37bd8d000 rw-p 00016000 08:05 1840676                    /SW/android_studio-test/jre/lib/amd64/jli/libjli.so
7fb37bd8d000-7fb37bdb3000 r-xp 00000000 08:05 661815                     /lib/x86_64-linux-gnu/ld-2.23.so
7fb37bdbc000-7fb37be8d000 rw-p 00000000 00:00 0 
7fb37be8d000-7fb37be90000 ---p 00000000 00:00 0 
7fb37be90000-7fb37bfa6000 rw-p 00000000 00:00 0 
7fb37bfa6000-7fb37bfae000 rw-s 00000000 08:05 1189537                    /tmp/hsperfdata_orange/24789
7fb37bfae000-7fb37bfaf000 rw-p 00000000 00:00 0 
7fb37bfaf000-7fb37bfb0000 ---p 00000000 00:00 0 
7fb37bfb0000-7fb37bfb2000 rw-p 00000000 00:00 0 
7fb37bfb2000-7fb37bfb3000 r--p 00025000 08:05 661815                     /lib/x86_64-linux-gnu/ld-2.23.so
7fb37bfb3000-7fb37bfb4000 rw-p 00026000 08:05 661815                     /lib/x86_64-linux-gnu/ld-2.23.so
7fb37bfb4000-7fb37bfb5000 rw-p 00000000 00:00 0 
7ffd45cdb000-7ffd45cfc000 rw-p 00000000 00:00 0                          [stack]
7ffd45d0e000-7ffd45d10000 r--p 00000000 00:00 0                          [vvar]
7ffd45d10000-7ffd45d12000 r-xp 00000000 00:00 0                          [vdso]
ffffffffff600000-ffffffffff601000 r-xp 00000000 00:00 0                  [vsyscall]

VM Arguments:
jvm_args: -Djava.awt.headless=true -Xmx1024M -Dfile.encoding=UTF-8 -Duser.country=US -Duser.language=en -Duser.variant 
java_command: com.android.dx.command.Main --dex --force-jumbo --num-threads=4 --multi-dex --output /home/orange/StudioProjects/Anniversary/app/build/intermediates/transforms/dex/debug/folders/1000/5/slice_3 /home/orange/StudioProjects/Anniversary/app/build/intermediates/transforms/instantRunSlicer/debug/folders/1/5/slice_3
java_class_path (initial): /home/orange/Android/Sdk/build-tools/26.0.2/lib/dx.jar
Launcher Type: SUN_STANDARD

Environment Variables:
JAVA_HOME=/SW/jdk
JRE_HOME=/SW/jdk/jre
CLASSPATH=/SW/android_studio-test/bin/../lib/bootstrap.jar:/SW/android_studio-test/bin/../lib/extensions.jar:/SW/android_studio-test/bin/../lib/util.jar:/SW/android_studio-test/bin/../lib/jdom.jar:/SW/android_studio-test/bin/../lib/log4j.jar:/SW/android_studio-test/bin/../lib/trove4j.jar:/SW/android_studio-test/bin/../lib/jna.jar:/SW/android_studio-test/bin/../jre/lib/tools.jar
PATH=/home/orange/bin:/home/orange/.local/bin:/SW/jdk/bin:/usr/local/sbin:/usr/local/bin:/usr/sbin:/usr/bin:/sbin:/bin:/usr/games:/usr/local/games:/snap/bin
LD_LIBRARY_PATH=/SW/android_studio-test/bin:
SHELL=/bin/bash
DISPLAY=:0

Signal Handlers:
SIGSEGV: [libjvm.so+0x9e5150], sa_mask[0]=11111111011111111101111111111110, sa_flags=SA_RESTART|SA_SIGINFO
SIGBUS: [libjvm.so+0x9e5150], sa_mask[0]=11111111011111111101111111111110, sa_flags=SA_RESTART|SA_SIGINFO
SIGFPE: [libjvm.so+0x848450], sa_mask[0]=11111111011111111101111111111110, sa_flags=SA_RESTART|SA_SIGINFO
SIGPIPE: [libjvm.so+0x848450], sa_mask[0]=11111111011111111101111111111110, sa_flags=SA_RESTART|SA_SIGINFO
SIGXFSZ: [libjvm.so+0x848450], sa_mask[0]=11111111011111111101111111111110, sa_flags=SA_RESTART|SA_SIGINFO
SIGILL: [libjvm.so+0x848450], sa_mask[0]=11111111011111111101111111111110, sa_flags=SA_RESTART|SA_SIGINFO
SIGUSR1: SIG_DFL, sa_mask[0]=00000000000000000000000000000000, sa_flags=none
SIGUSR2: [libjvm.so+0x848320], sa_mask[0]=00100000000000000000000000000000, sa_flags=SA_RESTART|SA_SIGINFO
SIGHUP: [libjvm.so+0x848510], sa_mask[0]=11111111011111111101111111111110, sa_flags=SA_RESTART|SA_SIGINFO
SIGINT: [libjvm.so+0x848510], sa_mask[0]=11111111011111111101111111111110, sa_flags=SA_RESTART|SA_SIGINFO
SIGTERM: [libjvm.so+0x848510], sa_mask[0]=11111111011111111101111111111110, sa_flags=SA_RESTART|SA_SIGINFO
SIGQUIT: [libjvm.so+0x848510], sa_mask[0]=11111111011111111101111111111110, sa_flags=SA_RESTART|SA_SIGINFO


---------------  S Y S T E M  ---------------

OS:DISTRIB_ID=Ubuntu
DISTRIB_RELEASE=16.04
DISTRIB_CODENAME=xenial
DISTRIB_DESCRIPTION="Ubuntu 16.04.3 LTS"

uname:Linux 4.10.0-37-generic #41~16.04.1-Ubuntu SMP Fri Oct 6 22:42:59 UTC 2017 x86_64
libc:glibc 2.23 NPTL 2.23 
rlimit: STACK 8192k, CORE 0k, NPROC 31140, NOFILE 1048576, AS infinity
load average:14,65 4,65 3,35

/proc/meminfo:
MemTotal:        8093552 kB
MemFree:          106584 kB
MemAvailable:       1904 kB
Buffers:             684 kB
Cached:           114828 kB
SwapCached:            0 kB
Active:          6139156 kB
Inactive:          98220 kB
Active(anon):    6136908 kB
Inactive(anon):    96496 kB
Active(file):       2248 kB
Inactive(file):     1724 kB
Unevictable:         412 kB
Mlocked:             412 kB
SwapTotal:             0 kB
SwapFree:              0 kB
Dirty:                12 kB
Writeback:             0 kB
AnonPages:       6123852 kB
Mapped:          1446120 kB
Shmem:            109964 kB
Slab:             209848 kB
SReclaimable:      64548 kB
SUnreclaim:       145300 kB
KernelStack:       18432 kB
PageTables:        68384 kB
NFS_Unstable:          0 kB
Bounce:                0 kB
WritebackTmp:          0 kB
CommitLimit:     4046776 kB
Committed_AS:   13944172 kB
VmallocTotal:   34359738367 kB
VmallocUsed:           0 kB
VmallocChunk:          0 kB
HardwareCorrupted:     0 kB
AnonHugePages:   2562048 kB
ShmemHugePages:        0 kB
ShmemPmdMapped:        0 kB
CmaTotal:              0 kB
CmaFree:               0 kB
HugePages_Total:       0
HugePages_Free:        0
HugePages_Rsvd:        0
HugePages_Surp:        0
Hugepagesize:       2048 kB
DirectMap4k:     2356992 kB
DirectMap2M:     5953536 kB
DirectMap1G:     1048576 kB


CPU:total 8 (4 cores per cpu, 2 threads per core) family 6 model 60 stepping 3, cmov, cx8, fxsr, mmx, sse, sse2, sse3, ssse3, sse4.1, sse4.2, popcnt, avx, avx2, aes, clmul, erms, lzcnt, ht, tsc, tscinvbit, bmi1, bmi2

/proc/cpuinfo:
processor	: 0
vendor_id	: GenuineIntel
cpu family	: 6
model		: 60
model name	: Intel(R) Core(TM) i7-4710HQ CPU @ 2.50GHz
stepping	: 3
microcode	: 0x22
cpu MHz		: 3299.865
cache size	: 6144 KB
physical id	: 0
siblings	: 8
core id		: 0
cpu cores	: 4
apicid		: 0
initial apicid	: 0
fpu		: yes
fpu_exception	: yes
cpuid level	: 13
wp		: yes
flags		: fpu vme de pse tsc msr pae mce cx8 apic sep mtrr pge mca cmov pat pse36 clflush dts acpi mmx fxsr sse sse2 ss ht tm pbe syscall nx pdpe1gb rdtscp lm constant_tsc arch_perfmon pebs bts rep_good nopl xtopology nonstop_tsc aperfmperf pni pclmulqdq dtes64 monitor ds_cpl vmx est tm2 ssse3 sdbg fma cx16 xtpr pdcm pcid sse4_1 sse4_2 x2apic movbe popcnt tsc_deadline_timer aes xsave avx f16c rdrand lahf_lm abm epb tpr_shadow vnmi flexpriority ept vpid fsgsbase tsc_adjust bmi1 avx2 smep bmi2 erms invpcid xsaveopt dtherm ida arat pln pts
bugs		:
bogomips	: 4988.27
clflush size	: 64
cache_alignment	: 64
address sizes	: 39 bits physical, 48 bits virtual
power management:

processor	: 1
vendor_id	: GenuineIntel
cpu family	: 6
model		: 60
model name	: Intel(R) Core(TM) i7-4710HQ CPU @ 2.50GHz
stepping	: 3
microcode	: 0x22
cpu MHz		: 3300.170
cache size	: 6144 KB
physical id	: 0
siblings	: 8
core id		: 0
cpu cores	: 4
apicid		: 1
initial apicid	: 1
fpu		: yes
fpu_exception	: yes
cpuid level	: 13
wp		: yes
flags		: fpu vme de pse tsc msr pae mce cx8 apic sep mtrr pge mca cmov pat pse36 clflush dts acpi mmx fxsr sse sse2 ss ht tm pbe syscall nx pdpe1gb rdtscp lm constant_tsc arch_perfmon pebs bts rep_good nopl xtopology nonstop_tsc aperfmperf pni pclmulqdq dtes64 monitor ds_cpl vmx est tm2 ssse3 sdbg fma cx16 xtpr pdcm pcid sse4_1 sse4_2 x2apic movbe popcnt tsc_deadline_timer aes xsave avx f16c rdrand lahf_lm abm epb tpr_shadow vnmi flexpriority ept vpid fsgsbase tsc_adjust bmi1 avx2 smep bmi2 erms invpcid xsaveopt dtherm ida arat pln pts
bugs		:
bogomips	: 4988.27
clflush size	: 64
cache_alignment	: 64
address sizes	: 39 bits physical, 48 bits virtual
power management:

processor	: 2
vendor_id	: GenuineIntel
cpu family	: 6
model		: 60
model name	: Intel(R) Core(TM) i7-4710HQ CPU @ 2.50GHz
stepping	: 3
microcode	: 0x22
cpu MHz		: 3299.865
cache size	: 6144 KB
physical id	: 0
siblings	: 8
core id		: 1
cpu cores	: 4
apicid		: 2
initial apicid	: 2
fpu		: yes
fpu_exception	: yes
cpuid level	: 13
wp		: yes
flags		: fpu vme de pse tsc msr pae mce cx8 apic sep mtrr pge mca cmov pat pse36 clflush dts acpi mmx fxsr sse sse2 ss ht tm pbe syscall nx pdpe1gb rdtscp lm constant_tsc arch_perfmon pebs bts rep_good nopl xtopology nonstop_tsc aperfmperf pni pclmulqdq dtes64 monitor ds_cpl vmx est tm2 ssse3 sdbg fma cx16 xtpr pdcm pcid sse4_1 sse4_2 x2apic movbe popcnt tsc_deadline_timer aes xsave avx f16c rdrand lahf_lm abm epb tpr_shadow vnmi flexpriority ept vpid fsgsbase tsc_adjust bmi1 avx2 smep bmi2 erms invpcid xsaveopt dtherm ida arat pln pts
bugs		:
bogomips	: 4988.27
clflush size	: 64
cache_alignment	: 64
address sizes	: 39 bits physical, 48 bits virtual
power management:

processor	: 3
vendor_id	: GenuineIntel
cpu family	: 6
model		: 60
model name	: Intel(R) Core(TM) i7-4710HQ CPU @ 2.50GHz
stepping	: 3
microcode	: 0x22
cpu MHz		: 3299.102
cache size	: 6144 KB
physical id	: 0
siblings	: 8
core id		: 1
cpu cores	: 4
apicid		: 3
initial apicid	: 3
fpu		: yes
fpu_exception	: yes
cpuid level	: 13
wp		: yes
flags		: fpu vme de pse tsc msr pae mce cx8 apic sep mtrr pge mca cmov pat pse36 clflush dts acpi mmx fxsr sse sse2 ss ht tm pbe syscall nx pdpe1gb rdtscp lm constant_tsc arch_perfmon pebs bts rep_good nopl xtopology nonstop_tsc aperfmperf pni pclmulqdq dtes64 monitor ds_cpl vmx est tm2 ssse3 sdbg fma cx16 xtpr pdcm pcid sse4_1 sse4_2 x2apic movbe popcnt tsc_deadline_timer aes xsave avx f16c rdrand lahf_lm abm epb tpr_shadow vnmi flexpriority ept vpid fsgsbase tsc_adjust bmi1 avx2 smep bmi2 erms invpcid xsaveopt dtherm ida arat pln pts
bugs		:
bogomips	: 4988.27
clflush size	: 64
cache_alignment	: 64
address sizes	: 39 bits physical, 48 bits virtual
power management:

processor	: 4
vendor_id	: GenuineIntel
cpu family	: 6
model		: 60
model name	: Intel(R) Core(TM) i7-4710HQ CPU @ 2.50GHz
stepping	: 3
microcode	: 0x22
cpu MHz		: 3299.865
cache size	: 6144 KB
physical id	: 0
siblings	: 8
core id		: 2
cpu cores	: 4
apicid		: 4
initial apicid	: 4
fpu		: yes
fpu_exception	: yes
cpuid level	: 13
wp		: yes
flags		: fpu vme de pse tsc msr pae mce cx8 apic sep mtrr pge mca cmov pat pse36 clflush dts acpi mmx fxsr sse sse2 ss ht tm pbe syscall nx pdpe1gb rdtscp lm constant_tsc arch_perfmon pebs bts rep_good nopl xtopology nonstop_tsc aperfmperf pni pclmulqdq dtes64 monitor ds_cpl vmx est tm2 ssse3 sdbg fma cx16 xtpr pdcm pcid sse4_1 sse4_2 x2apic movbe popcnt tsc_deadline_timer aes xsave avx f16c rdrand lahf_lm abm epb tpr_shadow vnmi flexpriority ept vpid fsgsbase tsc_adjust bmi1 avx2 smep bmi2 erms invpcid xsaveopt dtherm ida arat pln pts
bugs		:
bogomips	: 4988.27
clflush size	: 64
cache_alignment	: 64
address sizes	: 39 bits physical, 48 bits virtual
power management:

processor	: 5
vendor_id	: GenuineIntel
cpu family	: 6
model		: 60
model name	: Intel(R) Core(TM) i7-4710HQ CPU @ 2.50GHz
stepping	: 3
microcode	: 0x22
cpu MHz		: 3299.865
cache size	: 6144 KB
physical id	: 0
siblings	: 8
core id		: 2
cpu cores	: 4
apicid		: 5
initial apicid	: 5
fpu		: yes
fpu_exception	: yes
cpuid level	: 13
wp		: yes
flags		: fpu vme de pse tsc msr pae mce cx8 apic sep mtrr pge mca cmov pat pse36 clflush dts acpi mmx fxsr sse sse2 ss ht tm pbe syscall nx pdpe1gb rdtscp lm constant_tsc arch_perfmon pebs bts rep_good nopl xtopology nonstop_tsc aperfmperf pni pclmulqdq dtes64 monitor ds_cpl vmx est tm2 ssse3 sdbg fma cx16 xtpr pdcm pcid sse4_1 sse4_2 x2apic movbe popcnt tsc_deadline_timer aes xsave avx f16c rdrand lahf_lm abm epb tpr_shadow vnmi flexpriority ept vpid fsgsbase tsc_adjust bmi1 avx2 smep bmi2 erms invpcid xsaveopt dtherm ida arat pln pts
bugs		:
bogomips	: 4988.27
clflush size	: 64
cache_alignment	: 64
address sizes	: 39 bits physical, 48 bits virtual
power management:

processor	: 6
vendor_id	: GenuineIntel
cpu family	: 6
model		: 60
model name	: Intel(R) Core(TM) i7-4710HQ CPU @ 2.50GHz
stepping	: 3
microcode	: 0x22
cpu MHz		: 3299.865
cache size	: 6144 KB
physical id	: 0
siblings	: 8
core id		: 3
cpu cores	: 4
apicid		: 6
initial apicid	: 6
fpu		: yes
fpu_exception	: yes
cpuid level	: 13
wp		: yes
flags		: fpu vme de pse tsc msr pae mce cx8 apic sep mtrr pge mca cmov pat pse36 clflush dts acpi mmx fxsr sse sse2 ss ht tm pbe syscall nx pdpe1gb rdtscp lm constant_tsc arch_perfmon pebs bts rep_good nopl xtopology nonstop_tsc aperfmperf pni pclmulqdq dtes64 monitor ds_cpl vmx est tm2 ssse3 sdbg fma cx16 xtpr pdcm pcid sse4_1 sse4_2 x2apic movbe popcnt tsc_deadline_timer aes xsave avx f16c rdrand lahf_lm abm epb tpr_shadow vnmi flexpriority ept vpid fsgsbase tsc_adjust bmi1 avx2 smep bmi2 erms invpcid xsaveopt dtherm ida arat pln pts
bugs		:
bogomips	: 4988.27
clflush size	: 64
cache_alignment	: 64
address sizes	: 39 bits physical, 48 bits virtual
power management:

processor	: 7
vendor_id	: GenuineIntel
cpu family	: 6
model		: 60
model name	: Intel(R) Core(TM) i7-4710HQ CPU @ 2.50GHz
stepping	: 3
microcode	: 0x22
cpu MHz		: 3299.865
cache size	: 6144 KB
physical id	: 0
siblings	: 8
core id		: 3
cpu cores	: 4
apicid		: 7
initial apicid	: 7
fpu		: yes
fpu_exception	: yes
cpuid level	: 13
wp		: yes
flags		: fpu vme de pse tsc msr pae mce cx8 apic sep mtrr pge mca cmov pat pse36 clflush dts acpi mmx fxsr sse sse2 ss ht tm pbe syscall nx pdpe1gb rdtscp lm constant_tsc arch_perfmon pebs bts rep_good nopl xtopology nonstop_tsc aperfmperf pni pclmulqdq dtes64 monitor ds_cpl vmx est tm2 ssse3 sdbg fma cx16 xtpr pdcm pcid sse4_1 sse4_2 x2apic movbe popcnt tsc_deadline_timer aes xsave avx f16c rdrand lahf_lm abm epb tpr_shadow vnmi flexpriority ept vpid fsgsbase tsc_adjust bmi1 avx2 smep bmi2 erms invpcid xsaveopt dtherm ida arat pln pts
bugs		:
bogomips	: 4988.27
clflush size	: 64
cache_alignment	: 64
address sizes	: 39 bits physical, 48 bits virtual
power management:



Memory: 4k page, physical 8093552k(106336k free), swap 0k(0k free)

vm_info: OpenJDK 64-Bit Server VM (25.112-b06) for linux-amd64 JRE (1.8.0_112-release-b06), built on Dec  6 2016 12:11:18 by "builder" with gcc 4.8.4

time: Tue Oct 31 17:12:05 2017
elapsed time: 24 seconds (0d 0h 0m 24s)

